<?xml version="1.0" encoding="UTF-8"?>
<testsuite name="me.benny.fcp.job.message.MessageExpiredPointJobConfigurationTest" tests="1" skipped="0" failures="0" errors="0" timestamp="2024-04-29T12:47:29" hostname="jeongsang-yun-ui-MacBookAir.local" time="0.578">
  <properties/>
  <testcase name="messageExpiredPointJob()" classname="me.benny.fcp.job.message.MessageExpiredPointJobConfigurationTest" time="0.578"/>
  <system-out><![CDATA[21:47:26.773 [Test worker] DEBUG org.springframework.test.context.BootstrapUtils - Instantiating CacheAwareContextLoaderDelegate from class [org.springframework.test.context.cache.DefaultCacheAwareContextLoaderDelegate]
21:47:26.783 [Test worker] DEBUG org.springframework.test.context.BootstrapUtils - Instantiating BootstrapContext using constructor [public org.springframework.test.context.support.DefaultBootstrapContext(java.lang.Class,org.springframework.test.context.CacheAwareContextLoaderDelegate)]
21:47:26.808 [Test worker] DEBUG org.springframework.test.context.BootstrapUtils - Instantiating TestContextBootstrapper for test class [me.benny.fcp.job.message.MessageExpiredPointJobConfigurationTest] from class [org.springframework.boot.test.context.SpringBootTestContextBootstrapper]
21:47:26.816 [Test worker] INFO org.springframework.boot.test.context.SpringBootTestContextBootstrapper - Neither @ContextConfiguration nor @ContextHierarchy found for test class [me.benny.fcp.job.message.MessageExpiredPointJobConfigurationTest], using SpringBootContextLoader
21:47:26.819 [Test worker] DEBUG org.springframework.test.context.support.AbstractContextLoader - Did not detect default resource location for test class [me.benny.fcp.job.message.MessageExpiredPointJobConfigurationTest]: class path resource [me/benny/fcp/job/message/MessageExpiredPointJobConfigurationTest-context.xml] does not exist
21:47:26.819 [Test worker] DEBUG org.springframework.test.context.support.AbstractContextLoader - Did not detect default resource location for test class [me.benny.fcp.job.message.MessageExpiredPointJobConfigurationTest]: class path resource [me/benny/fcp/job/message/MessageExpiredPointJobConfigurationTestContext.groovy] does not exist
21:47:26.820 [Test worker] INFO org.springframework.test.context.support.AbstractContextLoader - Could not detect default resource locations for test class [me.benny.fcp.job.message.MessageExpiredPointJobConfigurationTest]: no resource found for suffixes {-context.xml, Context.groovy}.
21:47:26.820 [Test worker] INFO org.springframework.test.context.support.AnnotationConfigContextLoaderUtils - Could not detect default configuration classes for test class [me.benny.fcp.job.message.MessageExpiredPointJobConfigurationTest]: MessageExpiredPointJobConfigurationTest does not declare any static, non-private, non-final, nested classes annotated with @Configuration.
21:47:26.899 [Test worker] DEBUG org.springframework.context.annotation.ClassPathScanningCandidateComponentProvider - Identified candidate component class: file [/Users/jeongsang-yun/Documents/GitHub/sns-point-batch/build/classes/java/main/me/benny/fcp/PointManagementApplication.class]
21:47:26.900 [Test worker] INFO org.springframework.boot.test.context.SpringBootTestContextBootstrapper - Found @SpringBootConfiguration me.benny.fcp.PointManagementApplication for test class me.benny.fcp.job.message.MessageExpiredPointJobConfigurationTest
21:47:26.980 [Test worker] DEBUG org.springframework.boot.test.context.SpringBootTestContextBootstrapper - @TestExecutionListeners is not present for class [me.benny.fcp.job.message.MessageExpiredPointJobConfigurationTest]: using defaults.
21:47:26.980 [Test worker] INFO org.springframework.boot.test.context.SpringBootTestContextBootstrapper - Loaded default TestExecutionListener class names from location [META-INF/spring.factories]: [org.springframework.test.context.web.ServletTestExecutionListener, org.springframework.test.context.support.DirtiesContextBeforeModesTestExecutionListener, org.springframework.test.context.event.ApplicationEventsTestExecutionListener, org.springframework.test.context.support.DependencyInjectionTestExecutionListener, org.springframework.test.context.support.DirtiesContextTestExecutionListener, org.springframework.test.context.transaction.TransactionalTestExecutionListener, org.springframework.test.context.jdbc.SqlScriptsTestExecutionListener, org.springframework.test.context.event.EventPublishingTestExecutionListener, org.springframework.boot.test.autoconfigure.restdocs.RestDocsTestExecutionListener, org.springframework.boot.test.autoconfigure.web.client.MockRestServiceServerResetTestExecutionListener, org.springframework.boot.test.autoconfigure.web.servlet.MockMvcPrintOnlyOnFailureTestExecutionListener, org.springframework.boot.test.autoconfigure.web.servlet.WebDriverTestExecutionListener, org.springframework.boot.test.autoconfigure.webservices.client.MockWebServiceServerTestExecutionListener, org.springframework.boot.test.mock.mockito.MockitoTestExecutionListener, org.springframework.boot.test.mock.mockito.ResetMocksTestExecutionListener]
21:47:26.985 [Test worker] DEBUG org.springframework.boot.test.context.SpringBootTestContextBootstrapper - Skipping candidate TestExecutionListener [org.springframework.test.context.web.ServletTestExecutionListener] due to a missing dependency. Specify custom listener classes or make the default listener classes and their required dependencies available. Offending class: [javax/servlet/ServletContext]
21:47:26.992 [Test worker] INFO org.springframework.boot.test.context.SpringBootTestContextBootstrapper - Using TestExecutionListeners: [org.springframework.test.context.support.DirtiesContextBeforeModesTestExecutionListener@78abccba, org.springframework.test.context.event.ApplicationEventsTestExecutionListener@6df16e7f, org.springframework.boot.test.mock.mockito.MockitoTestExecutionListener@4e5deb4f, org.springframework.boot.test.autoconfigure.SpringBootDependencyInjectionTestExecutionListener@6ff27a93, org.springframework.test.context.support.DirtiesContextTestExecutionListener@499aa5cb, org.springframework.test.context.transaction.TransactionalTestExecutionListener@2f7ea811, org.springframework.test.context.jdbc.SqlScriptsTestExecutionListener@ed82922, org.springframework.test.context.event.EventPublishingTestExecutionListener@7202ec88, org.springframework.boot.test.autoconfigure.restdocs.RestDocsTestExecutionListener@6eaabbfe, org.springframework.boot.test.autoconfigure.web.client.MockRestServiceServerResetTestExecutionListener@34ceb81a, org.springframework.boot.test.autoconfigure.web.servlet.MockMvcPrintOnlyOnFailureTestExecutionListener@7b900698, org.springframework.boot.test.autoconfigure.web.servlet.WebDriverTestExecutionListener@1e13c3ce, org.springframework.boot.test.autoconfigure.webservices.client.MockWebServiceServerTestExecutionListener@25ddeeb9, org.springframework.boot.test.mock.mockito.ResetMocksTestExecutionListener@64128c70]
21:47:26.994 [Test worker] DEBUG org.springframework.test.context.support.AbstractDirtiesContextTestExecutionListener - Before test class: context [DefaultTestContext@62799aee testClass = MessageExpiredPointJobConfigurationTest, testInstance = [null], testMethod = [null], testException = [null], mergedContextConfiguration = [MergedContextConfiguration@6f39fbdf testClass = MessageExpiredPointJobConfigurationTest, locations = '{}', classes = '{class me.benny.fcp.PointManagementApplication}', contextInitializerClasses = '[]', activeProfiles = '{test}', propertySourceLocations = '{}', propertySourceProperties = '{org.springframework.boot.test.context.SpringBootTestContextBootstrapper=true}', contextCustomizers = set[org.springframework.boot.test.autoconfigure.actuate.metrics.MetricsExportContextCustomizerFactory$DisableMetricExportContextCustomizer@553125a3, org.springframework.boot.test.autoconfigure.properties.PropertyMappingContextCustomizer@0, org.springframework.boot.test.autoconfigure.web.servlet.WebDriverContextCustomizerFactory$Customizer@fc79ceb, org.springframework.boot.test.context.filter.ExcludeFilterContextCustomizer@43405d8f, org.springframework.boot.test.json.DuplicateJsonObjectContextCustomizerFactory$DuplicateJsonObjectContextCustomizer@2e057de0, org.springframework.boot.test.mock.mockito.MockitoContextCustomizer@0, org.springframework.boot.test.web.client.TestRestTemplateContextCustomizer@2f13db45, org.springframework.boot.test.context.SpringBootTestArgs@1, org.springframework.boot.test.context.SpringBootTestWebEnvironment@3826c5e6], contextLoader = 'org.springframework.boot.test.context.SpringBootContextLoader', parent = [null]], attributes = map[[empty]]], class annotated with @DirtiesContext [false] with mode [null].
21:47:27.004 [Test worker] DEBUG org.springframework.test.context.support.DependencyInjectionTestExecutionListener - Performing dependency injection for test context [[DefaultTestContext@62799aee testClass = MessageExpiredPointJobConfigurationTest, testInstance = me.benny.fcp.job.message.MessageExpiredPointJobConfigurationTest@5d78408e, testMethod = [null], testException = [null], mergedContextConfiguration = [MergedContextConfiguration@6f39fbdf testClass = MessageExpiredPointJobConfigurationTest, locations = '{}', classes = '{class me.benny.fcp.PointManagementApplication}', contextInitializerClasses = '[]', activeProfiles = '{test}', propertySourceLocations = '{}', propertySourceProperties = '{org.springframework.boot.test.context.SpringBootTestContextBootstrapper=true}', contextCustomizers = set[org.springframework.boot.test.autoconfigure.actuate.metrics.MetricsExportContextCustomizerFactory$DisableMetricExportContextCustomizer@553125a3, org.springframework.boot.test.autoconfigure.properties.PropertyMappingContextCustomizer@0, org.springframework.boot.test.autoconfigure.web.servlet.WebDriverContextCustomizerFactory$Customizer@fc79ceb, org.springframework.boot.test.context.filter.ExcludeFilterContextCustomizer@43405d8f, org.springframework.boot.test.json.DuplicateJsonObjectContextCustomizerFactory$DuplicateJsonObjectContextCustomizer@2e057de0, org.springframework.boot.test.mock.mockito.MockitoContextCustomizer@0, org.springframework.boot.test.web.client.TestRestTemplateContextCustomizer@2f13db45, org.springframework.boot.test.context.SpringBootTestArgs@1, org.springframework.boot.test.context.SpringBootTestWebEnvironment@3826c5e6], contextLoader = 'org.springframework.boot.test.context.SpringBootContextLoader', parent = [null]], attributes = map['org.springframework.test.context.event.ApplicationEventsTestExecutionListener.recordApplicationEvents' -> false]]].
21:47:27.022 [Test worker] DEBUG org.springframework.core.env.StandardEnvironment - Activating profiles [test]
21:47:27.025 [Test worker] DEBUG org.springframework.test.context.support.TestPropertySourceUtils - Adding inlined properties to environment: {spring.jmx.enabled=false, org.springframework.boot.test.context.SpringBootTestContextBootstrapper=true}

  .   ____          _            __ _ _
 /\\ / ___'_ __ _ _(_)_ __  __ _ \ \ \ \
( ( )\___ | '_ | '_| | '_ \/ _` | \ \ \ \
 \\/  ___)| |_)| | | | | || (_| |  ) ) ) )
  '  |____| .__|_| |_|_| |_\__, | / / / /
 =========|_|==============|___/=/_/_/_/
 :: Spring Boot ::                (v2.5.4)

2024-04-29 21:47:27.396  INFO 39836 --- [    Test worker] .MessageExpiredPointJobConfigurationTest : Starting MessageExpiredPointJobConfigurationTest using Java 11.0.18 on jeongsang-yun-ui-MacBookAir.local with PID 39836 (started by jeongsang-yun in /Users/jeongsang-yun/Documents/GitHub/sns-point-batch)
2024-04-29 21:47:27.396  INFO 39836 --- [    Test worker] .MessageExpiredPointJobConfigurationTest : The following profiles are active: test
2024-04-29 21:47:27.754  INFO 39836 --- [    Test worker] .s.d.r.c.RepositoryConfigurationDelegate : Bootstrapping Spring Data JPA repositories in DEFAULT mode.
2024-04-29 21:47:27.802  INFO 39836 --- [    Test worker] .s.d.r.c.RepositoryConfigurationDelegate : Finished Spring Data repository scanning in 43 ms. Found 4 JPA repository interfaces.
2024-04-29 21:47:28.076  INFO 39836 --- [    Test worker] com.zaxxer.hikari.HikariDataSource       : HikariPool-1 - Starting...
2024-04-29 21:47:28.218  INFO 39836 --- [    Test worker] com.zaxxer.hikari.HikariDataSource       : HikariPool-1 - Start completed.
2024-04-29 21:47:28.382  INFO 39836 --- [    Test worker] o.hibernate.jpa.internal.util.LogHelper  : HHH000204: Processing PersistenceUnitInfo [name: default]
2024-04-29 21:47:28.424  INFO 39836 --- [    Test worker] org.hibernate.Version                    : HHH000412: Hibernate ORM core version 5.4.32.Final
2024-04-29 21:47:28.536  INFO 39836 --- [    Test worker] o.hibernate.annotations.common.Version   : HCANN000001: Hibernate Commons Annotations {5.1.2.Final}
2024-04-29 21:47:28.644  INFO 39836 --- [    Test worker] org.hibernate.dialect.Dialect            : HHH000400: Using dialect: org.hibernate.dialect.H2Dialect
Hibernate: drop table if exists message CASCADE 
Hibernate: drop table if exists point CASCADE 
Hibernate: drop table if exists point_reservation CASCADE 
Hibernate: drop table if exists point_wallet CASCADE 
Hibernate: create table message (id bigint generated by default as identity, content text not null, title varchar(255) not null, user_id varchar(255) not null, primary key (id))
Hibernate: create table point (id bigint generated by default as identity, amount BIGINT not null, earned_date date not null, expired_date date not null, is_expired TINYINT not null, is_used TINYINT not null, point_wallet_id bigint not null, primary key (id))
Hibernate: create table point_reservation (id bigint generated by default as identity, amount BIGINT not null, available_days integer not null, earned_date date not null, is_executed TINYINT, point_wallet_id bigint not null, primary key (id))
Hibernate: create table point_wallet (id bigint generated by default as identity, amount BIGINT, user_id varchar(255) not null, primary key (id))
Hibernate: alter table point_wallet add constraint UK_lmmecr5fp14x9nna2x6mu5etc unique (user_id)
Hibernate: alter table point add constraint FK12lpoanckx5ow0tj3rmadafql foreign key (point_wallet_id) references point_wallet
Hibernate: alter table point_reservation add constraint FKm8pkwv2mf79f5yjjkmrktcm9m foreign key (point_wallet_id) references point_wallet
2024-04-29 21:47:29.102  INFO 39836 --- [    Test worker] o.h.e.t.j.p.i.JtaPlatformInitiator       : HHH000490: Using JtaPlatform implementation: [org.hibernate.engine.transaction.jta.platform.internal.NoJtaPlatform]
2024-04-29 21:47:29.108  INFO 39836 --- [    Test worker] j.LocalContainerEntityManagerFactoryBean : Initialized JPA EntityManagerFactory for persistence unit 'default'
2024-04-29 21:47:29.252  WARN 39836 --- [    Test worker] o.s.b.a.batch.JpaBatchConfigurer         : JPA does not support custom isolation levels, so locks may not be taken when launching Jobs
2024-04-29 21:47:29.257  INFO 39836 --- [    Test worker] o.s.b.c.r.s.JobRepositoryFactoryBean     : No database type set, using meta data indicating: H2
2024-04-29 21:47:29.383  INFO 39836 --- [    Test worker] o.s.b.c.l.support.SimpleJobLauncher      : No TaskExecutor has been set, defaulting to synchronous executor.
2024-04-29 21:47:29.728  INFO 39836 --- [    Test worker] .MessageExpiredPointJobConfigurationTest : Started MessageExpiredPointJobConfigurationTest in 2.701 seconds (JVM running for 3.722)
2024-04-29 21:47:29.730  INFO 39836 --- [    Test worker] o.s.b.a.b.JobLauncherApplicationRunner   : Running default command line with: []
Hibernate: insert into point_wallet (id, amount, user_id) values (null, ?, ?)
Hibernate: insert into point_wallet (id, amount, user_id) values (null, ?, ?)
Hibernate: insert into point (id, amount, earned_date, expired_date, is_expired, point_wallet_id, is_used) values (null, ?, ?, ?, ?, ?, ?)
Hibernate: insert into point (id, amount, earned_date, expired_date, is_expired, point_wallet_id, is_used) values (null, ?, ?, ?, ?, ?, ?)
Hibernate: insert into point (id, amount, earned_date, expired_date, is_expired, point_wallet_id, is_used) values (null, ?, ?, ?, ?, ?, ?)
Hibernate: insert into point (id, amount, earned_date, expired_date, is_expired, point_wallet_id, is_used) values (null, ?, ?, ?, ?, ?, ?)
Hibernate: insert into point (id, amount, earned_date, expired_date, is_expired, point_wallet_id, is_used) values (null, ?, ?, ?, ?, ?, ?)
Hibernate: insert into point (id, amount, earned_date, expired_date, is_expired, point_wallet_id, is_used) values (null, ?, ?, ?, ?, ?, ?)
Hibernate: insert into point (id, amount, earned_date, expired_date, is_expired, point_wallet_id, is_used) values (null, ?, ?, ?, ?, ?, ?)
Hibernate: insert into point (id, amount, earned_date, expired_date, is_expired, point_wallet_id, is_used) values (null, ?, ?, ?, ?, ?, ?)
2024-04-29 21:47:29.904  INFO 39836 --- [    Test worker] o.s.b.c.l.support.SimpleJobLauncher      : Job: [SimpleJob: [name=messageExpiredPointJob]] launched with the following parameters: [{today=2021-09-06}]
2024-04-29 21:47:29.938  WARN 39836 --- [    Test worker] o.s.b.c.l.AbstractListenerFactoryBean    : org.springframework.batch.item.ItemProcessor is an interface. The implementing class will not be queried for annotation based listener configurations. If using @StepScope on a @Bean method, be sure to return the implementing class so listener annotations can be used.
2024-04-29 21:47:29.952  INFO 39836 --- [    Test worker] o.s.batch.core.job.SimpleStepHandler     : Executing step: [messageExpiredPointStep]
Hibernate: select count(distinct point0_.point_wallet_id) as col_0_0_ from point point0_ cross join point_wallet pointwalle1_ where point0_.point_wallet_id=pointwalle1_.id and point0_.is_expired=? and point0_.is_used=? and point0_.expired_date=?
Hibernate: select pointwalle1_.user_id as col_0_0_, coalesce(sum(point0_.amount), ?) as col_1_0_ from point point0_ cross join point_wallet pointwalle1_ where point0_.point_wallet_id=pointwalle1_.id and point0_.is_expired=? and point0_.is_used=? and point0_.expired_date=? group by point0_.point_wallet_id limit ?
Hibernate: select count(distinct point0_.point_wallet_id) as col_0_0_ from point point0_ cross join point_wallet pointwalle1_ where point0_.point_wallet_id=pointwalle1_.id and point0_.is_expired=? and point0_.is_used=? and point0_.expired_date=?
Hibernate: select pointwalle1_.user_id as col_0_0_, coalesce(sum(point0_.amount), ?) as col_1_0_ from point point0_ cross join point_wallet pointwalle1_ where point0_.point_wallet_id=pointwalle1_.id and point0_.is_expired=? and point0_.is_used=? and point0_.expired_date=? group by point0_.point_wallet_id limit ? offset ?
Hibernate: insert into message (id, content, title, user_id) values (null, ?, ?, ?)
Hibernate: insert into message (id, content, title, user_id) values (null, ?, ?, ?)
2024-04-29 21:47:30.194  INFO 39836 --- [    Test worker] o.s.batch.core.step.AbstractStep         : Step: [messageExpiredPointStep] executed in 242ms
2024-04-29 21:47:30.197  INFO 39836 --- [    Test worker] o.s.b.c.l.support.SimpleJobLauncher      : Job: [SimpleJob: [name=messageExpiredPointJob]] completed with the following parameters: [{today=2021-09-06}] and the following status: [COMPLETED] in 277ms
Hibernate: select message0_.id as id1_0_, message0_.content as content2_0_, message0_.title as title3_0_, message0_.user_id as user_id4_0_ from message message0_
Hibernate: select point0_.id as id1_1_, point0_.amount as amount2_1_, point0_.earned_date as earned_d3_1_, point0_.expired_date as expired_4_1_, point0_.is_expired as is_expir5_1_, point0_.point_wallet_id as point_wa7_1_, point0_.is_used as is_used6_1_ from point point0_
Hibernate: delete from point where id=?
Hibernate: delete from point where id=?
Hibernate: delete from point where id=?
Hibernate: delete from point where id=?
Hibernate: delete from point where id=?
Hibernate: delete from point where id=?
Hibernate: delete from point where id=?
Hibernate: delete from point where id=?
Hibernate: select pointreser0_.id as id1_2_, pointreser0_.amount as amount2_2_, pointreser0_.available_days as availabl3_2_, pointreser0_.earned_date as earned_d4_2_, pointreser0_.is_executed as is_execu5_2_, pointreser0_.point_wallet_id as point_wa6_2_ from point_reservation pointreser0_
Hibernate: select pointwalle0_.id as id1_3_, pointwalle0_.amount as amount2_3_, pointwalle0_.user_id as user_id3_3_ from point_wallet pointwalle0_
Hibernate: delete from point_wallet where id=?
Hibernate: delete from point_wallet where id=?
Hibernate: select message0_.id as id1_0_, message0_.content as content2_0_, message0_.title as title3_0_, message0_.user_id as user_id4_0_ from message message0_
Hibernate: delete from message where id=?
Hibernate: delete from message where id=?
]]></system-out>
  <system-err><![CDATA[]]></system-err>
</testsuite>
