<?xml version="1.0" encoding="UTF-8"?>
<testsuite name="me.benny.fcp.job.expire.ExpirePointJobConfigurationTest" tests="1" skipped="0" failures="0" errors="0" timestamp="2024-04-27T10:13:01" hostname="jeongsang-yun-ui-MacBookAir.local" time="0.625">
  <properties/>
  <testcase name="expirePointJob()" classname="me.benny.fcp.job.expire.ExpirePointJobConfigurationTest" time="0.625"/>
  <system-out><![CDATA[19:12:58.521 [Test worker] DEBUG org.springframework.test.context.BootstrapUtils - Instantiating CacheAwareContextLoaderDelegate from class [org.springframework.test.context.cache.DefaultCacheAwareContextLoaderDelegate]
19:12:58.535 [Test worker] DEBUG org.springframework.test.context.BootstrapUtils - Instantiating BootstrapContext using constructor [public org.springframework.test.context.support.DefaultBootstrapContext(java.lang.Class,org.springframework.test.context.CacheAwareContextLoaderDelegate)]
19:12:58.558 [Test worker] DEBUG org.springframework.test.context.BootstrapUtils - Instantiating TestContextBootstrapper for test class [me.benny.fcp.job.expire.ExpirePointJobConfigurationTest] from class [org.springframework.boot.test.context.SpringBootTestContextBootstrapper]
19:12:58.566 [Test worker] INFO org.springframework.boot.test.context.SpringBootTestContextBootstrapper - Neither @ContextConfiguration nor @ContextHierarchy found for test class [me.benny.fcp.job.expire.ExpirePointJobConfigurationTest], using SpringBootContextLoader
19:12:58.568 [Test worker] DEBUG org.springframework.test.context.support.AbstractContextLoader - Did not detect default resource location for test class [me.benny.fcp.job.expire.ExpirePointJobConfigurationTest]: class path resource [me/benny/fcp/job/expire/ExpirePointJobConfigurationTest-context.xml] does not exist
19:12:58.569 [Test worker] DEBUG org.springframework.test.context.support.AbstractContextLoader - Did not detect default resource location for test class [me.benny.fcp.job.expire.ExpirePointJobConfigurationTest]: class path resource [me/benny/fcp/job/expire/ExpirePointJobConfigurationTestContext.groovy] does not exist
19:12:58.569 [Test worker] INFO org.springframework.test.context.support.AbstractContextLoader - Could not detect default resource locations for test class [me.benny.fcp.job.expire.ExpirePointJobConfigurationTest]: no resource found for suffixes {-context.xml, Context.groovy}.
19:12:58.570 [Test worker] INFO org.springframework.test.context.support.AnnotationConfigContextLoaderUtils - Could not detect default configuration classes for test class [me.benny.fcp.job.expire.ExpirePointJobConfigurationTest]: ExpirePointJobConfigurationTest does not declare any static, non-private, non-final, nested classes annotated with @Configuration.
19:12:58.650 [Test worker] DEBUG org.springframework.context.annotation.ClassPathScanningCandidateComponentProvider - Identified candidate component class: file [/Users/jeongsang-yun/Documents/GitHub/sns-point-batch/build/classes/java/main/me/benny/fcp/PointManagementApplication.class]
19:12:58.651 [Test worker] INFO org.springframework.boot.test.context.SpringBootTestContextBootstrapper - Found @SpringBootConfiguration me.benny.fcp.PointManagementApplication for test class me.benny.fcp.job.expire.ExpirePointJobConfigurationTest
19:12:58.714 [Test worker] DEBUG org.springframework.boot.test.context.SpringBootTestContextBootstrapper - @TestExecutionListeners is not present for class [me.benny.fcp.job.expire.ExpirePointJobConfigurationTest]: using defaults.
19:12:58.714 [Test worker] INFO org.springframework.boot.test.context.SpringBootTestContextBootstrapper - Loaded default TestExecutionListener class names from location [META-INF/spring.factories]: [org.springframework.test.context.web.ServletTestExecutionListener, org.springframework.test.context.support.DirtiesContextBeforeModesTestExecutionListener, org.springframework.test.context.event.ApplicationEventsTestExecutionListener, org.springframework.test.context.support.DependencyInjectionTestExecutionListener, org.springframework.test.context.support.DirtiesContextTestExecutionListener, org.springframework.test.context.transaction.TransactionalTestExecutionListener, org.springframework.test.context.jdbc.SqlScriptsTestExecutionListener, org.springframework.test.context.event.EventPublishingTestExecutionListener, org.springframework.boot.test.autoconfigure.restdocs.RestDocsTestExecutionListener, org.springframework.boot.test.autoconfigure.web.client.MockRestServiceServerResetTestExecutionListener, org.springframework.boot.test.autoconfigure.web.servlet.MockMvcPrintOnlyOnFailureTestExecutionListener, org.springframework.boot.test.autoconfigure.web.servlet.WebDriverTestExecutionListener, org.springframework.boot.test.autoconfigure.webservices.client.MockWebServiceServerTestExecutionListener, org.springframework.boot.test.mock.mockito.MockitoTestExecutionListener, org.springframework.boot.test.mock.mockito.ResetMocksTestExecutionListener]
19:12:58.719 [Test worker] DEBUG org.springframework.boot.test.context.SpringBootTestContextBootstrapper - Skipping candidate TestExecutionListener [org.springframework.test.context.web.ServletTestExecutionListener] due to a missing dependency. Specify custom listener classes or make the default listener classes and their required dependencies available. Offending class: [javax/servlet/ServletContext]
19:12:58.726 [Test worker] INFO org.springframework.boot.test.context.SpringBootTestContextBootstrapper - Using TestExecutionListeners: [org.springframework.test.context.support.DirtiesContextBeforeModesTestExecutionListener@3b01cd20, org.springframework.test.context.event.ApplicationEventsTestExecutionListener@701604fa, org.springframework.boot.test.mock.mockito.MockitoTestExecutionListener@11c6fe89, org.springframework.boot.test.autoconfigure.SpringBootDependencyInjectionTestExecutionListener@3049333a, org.springframework.test.context.support.DirtiesContextTestExecutionListener@59480de, org.springframework.test.context.transaction.TransactionalTestExecutionListener@45e56542, org.springframework.test.context.jdbc.SqlScriptsTestExecutionListener@63f1e9c1, org.springframework.test.context.event.EventPublishingTestExecutionListener@1ad8d666, org.springframework.boot.test.autoconfigure.restdocs.RestDocsTestExecutionListener@3beb2793, org.springframework.boot.test.autoconfigure.web.client.MockRestServiceServerResetTestExecutionListener@554a9ad9, org.springframework.boot.test.autoconfigure.web.servlet.MockMvcPrintOnlyOnFailureTestExecutionListener@3919ce50, org.springframework.boot.test.autoconfigure.web.servlet.WebDriverTestExecutionListener@652e54f3, org.springframework.boot.test.autoconfigure.webservices.client.MockWebServiceServerTestExecutionListener@79b207a, org.springframework.boot.test.mock.mockito.ResetMocksTestExecutionListener@606fe02]
19:12:58.728 [Test worker] DEBUG org.springframework.test.context.support.AbstractDirtiesContextTestExecutionListener - Before test class: context [DefaultTestContext@5f3e6a75 testClass = ExpirePointJobConfigurationTest, testInstance = [null], testMethod = [null], testException = [null], mergedContextConfiguration = [MergedContextConfiguration@1b386802 testClass = ExpirePointJobConfigurationTest, locations = '{}', classes = '{class me.benny.fcp.PointManagementApplication}', contextInitializerClasses = '[]', activeProfiles = '{test}', propertySourceLocations = '{}', propertySourceProperties = '{org.springframework.boot.test.context.SpringBootTestContextBootstrapper=true}', contextCustomizers = set[org.springframework.boot.test.autoconfigure.actuate.metrics.MetricsExportContextCustomizerFactory$DisableMetricExportContextCustomizer@65f24d06, org.springframework.boot.test.autoconfigure.properties.PropertyMappingContextCustomizer@0, org.springframework.boot.test.autoconfigure.web.servlet.WebDriverContextCustomizerFactory$Customizer@7627e5a, org.springframework.boot.test.context.filter.ExcludeFilterContextCustomizer@135cd87c, org.springframework.boot.test.json.DuplicateJsonObjectContextCustomizerFactory$DuplicateJsonObjectContextCustomizer@53836612, org.springframework.boot.test.mock.mockito.MockitoContextCustomizer@0, org.springframework.boot.test.web.client.TestRestTemplateContextCustomizer@511917e5, org.springframework.boot.test.context.SpringBootTestArgs@1, org.springframework.boot.test.context.SpringBootTestWebEnvironment@63a33f81], contextLoader = 'org.springframework.boot.test.context.SpringBootContextLoader', parent = [null]], attributes = map[[empty]]], class annotated with @DirtiesContext [false] with mode [null].
19:12:58.738 [Test worker] DEBUG org.springframework.test.context.support.DependencyInjectionTestExecutionListener - Performing dependency injection for test context [[DefaultTestContext@5f3e6a75 testClass = ExpirePointJobConfigurationTest, testInstance = me.benny.fcp.job.expire.ExpirePointJobConfigurationTest@30b3396e, testMethod = [null], testException = [null], mergedContextConfiguration = [MergedContextConfiguration@1b386802 testClass = ExpirePointJobConfigurationTest, locations = '{}', classes = '{class me.benny.fcp.PointManagementApplication}', contextInitializerClasses = '[]', activeProfiles = '{test}', propertySourceLocations = '{}', propertySourceProperties = '{org.springframework.boot.test.context.SpringBootTestContextBootstrapper=true}', contextCustomizers = set[org.springframework.boot.test.autoconfigure.actuate.metrics.MetricsExportContextCustomizerFactory$DisableMetricExportContextCustomizer@65f24d06, org.springframework.boot.test.autoconfigure.properties.PropertyMappingContextCustomizer@0, org.springframework.boot.test.autoconfigure.web.servlet.WebDriverContextCustomizerFactory$Customizer@7627e5a, org.springframework.boot.test.context.filter.ExcludeFilterContextCustomizer@135cd87c, org.springframework.boot.test.json.DuplicateJsonObjectContextCustomizerFactory$DuplicateJsonObjectContextCustomizer@53836612, org.springframework.boot.test.mock.mockito.MockitoContextCustomizer@0, org.springframework.boot.test.web.client.TestRestTemplateContextCustomizer@511917e5, org.springframework.boot.test.context.SpringBootTestArgs@1, org.springframework.boot.test.context.SpringBootTestWebEnvironment@63a33f81], contextLoader = 'org.springframework.boot.test.context.SpringBootContextLoader', parent = [null]], attributes = map['org.springframework.test.context.event.ApplicationEventsTestExecutionListener.recordApplicationEvents' -> false]]].
19:12:58.755 [Test worker] DEBUG org.springframework.core.env.StandardEnvironment - Activating profiles [test]
19:12:58.757 [Test worker] DEBUG org.springframework.test.context.support.TestPropertySourceUtils - Adding inlined properties to environment: {spring.jmx.enabled=false, org.springframework.boot.test.context.SpringBootTestContextBootstrapper=true}

  .   ____          _            __ _ _
 /\\ / ___'_ __ _ _(_)_ __  __ _ \ \ \ \
( ( )\___ | '_ | '_| | '_ \/ _` | \ \ \ \
 \\/  ___)| |_)| | | | | || (_| |  ) ) ) )
  '  |____| .__|_| |_|_| |_\__, | / / / /
 =========|_|==============|___/=/_/_/_/
 :: Spring Boot ::                (v2.5.4)

2024-04-27 19:12:59.191  INFO 7755 --- [    Test worker] .b.f.j.e.ExpirePointJobConfigurationTest : Starting ExpirePointJobConfigurationTest using Java 11.0.18 on jeongsang-yun-ui-MacBookAir.local with PID 7755 (started by jeongsang-yun in /Users/jeongsang-yun/Documents/GitHub/sns-point-batch)
2024-04-27 19:12:59.191  INFO 7755 --- [    Test worker] .b.f.j.e.ExpirePointJobConfigurationTest : The following profiles are active: test
2024-04-27 19:12:59.514  INFO 7755 --- [    Test worker] .s.d.r.c.RepositoryConfigurationDelegate : Bootstrapping Spring Data JPA repositories in DEFAULT mode.
2024-04-27 19:12:59.557  INFO 7755 --- [    Test worker] .s.d.r.c.RepositoryConfigurationDelegate : Finished Spring Data repository scanning in 37 ms. Found 4 JPA repository interfaces.
2024-04-27 19:12:59.822  INFO 7755 --- [    Test worker] com.zaxxer.hikari.HikariDataSource       : HikariPool-1 - Starting...
2024-04-27 19:12:59.961  INFO 7755 --- [    Test worker] com.zaxxer.hikari.HikariDataSource       : HikariPool-1 - Start completed.
2024-04-27 19:13:00.149  INFO 7755 --- [    Test worker] o.hibernate.jpa.internal.util.LogHelper  : HHH000204: Processing PersistenceUnitInfo [name: default]
2024-04-27 19:13:00.192  INFO 7755 --- [    Test worker] org.hibernate.Version                    : HHH000412: Hibernate ORM core version 5.4.32.Final
2024-04-27 19:13:00.306  INFO 7755 --- [    Test worker] o.hibernate.annotations.common.Version   : HCANN000001: Hibernate Commons Annotations {5.1.2.Final}
2024-04-27 19:13:00.407  INFO 7755 --- [    Test worker] org.hibernate.dialect.Dialect            : HHH000400: Using dialect: org.hibernate.dialect.H2Dialect
Hibernate: drop table if exists message CASCADE 
Hibernate: drop table if exists point CASCADE 
Hibernate: drop table if exists point_reservation CASCADE 
Hibernate: drop table if exists point_wallet CASCADE 
Hibernate: create table message (id bigint generated by default as identity, content text not null, title varchar(255) not null, user_id varchar(255) not null, primary key (id))
Hibernate: create table point (id bigint generated by default as identity, amount BIGINT not null, earned_date date not null, expired_date date not null, is_expired TINYINT not null, is_used TINYINT not null, point_wallet_id bigint not null, primary key (id))
Hibernate: create table point_reservation (id bigint generated by default as identity, amount BIGINT not null, available_days integer not null, earned_date date not null, is_executed TINYINT, point_wallet_id bigint not null, primary key (id))
Hibernate: create table point_wallet (id bigint generated by default as identity, amount BIGINT, user_id varchar(255) not null, primary key (id))
Hibernate: alter table point_wallet add constraint UK_lmmecr5fp14x9nna2x6mu5etc unique (user_id)
Hibernate: alter table point add constraint FK12lpoanckx5ow0tj3rmadafql foreign key (point_wallet_id) references point_wallet
Hibernate: alter table point_reservation add constraint FKm8pkwv2mf79f5yjjkmrktcm9m foreign key (point_wallet_id) references point_wallet
2024-04-27 19:13:00.874  INFO 7755 --- [    Test worker] o.h.e.t.j.p.i.JtaPlatformInitiator       : HHH000490: Using JtaPlatform implementation: [org.hibernate.engine.transaction.jta.platform.internal.NoJtaPlatform]
2024-04-27 19:13:00.880  INFO 7755 --- [    Test worker] j.LocalContainerEntityManagerFactoryBean : Initialized JPA EntityManagerFactory for persistence unit 'default'
2024-04-27 19:13:01.010  WARN 7755 --- [    Test worker] o.s.b.a.batch.JpaBatchConfigurer         : JPA does not support custom isolation levels, so locks may not be taken when launching Jobs
2024-04-27 19:13:01.015  INFO 7755 --- [    Test worker] o.s.b.c.r.s.JobRepositoryFactoryBean     : No database type set, using meta data indicating: H2
2024-04-27 19:13:01.144  INFO 7755 --- [    Test worker] o.s.b.c.l.support.SimpleJobLauncher      : No TaskExecutor has been set, defaulting to synchronous executor.
2024-04-27 19:13:01.479  INFO 7755 --- [    Test worker] .b.f.j.e.ExpirePointJobConfigurationTest : Started ExpirePointJobConfigurationTest in 2.719 seconds (JVM running for 3.61)
2024-04-27 19:13:01.480  INFO 7755 --- [    Test worker] o.s.b.a.b.JobLauncherApplicationRunner   : Running default command line with: []
Hibernate: insert into point_wallet (id, amount, user_id) values (null, ?, ?)
Hibernate: insert into point (id, amount, earned_date, expired_date, is_expired, point_wallet_id, is_used) values (null, ?, ?, ?, ?, ?, ?)
Hibernate: insert into point (id, amount, earned_date, expired_date, is_expired, point_wallet_id, is_used) values (null, ?, ?, ?, ?, ?, ?)
Hibernate: insert into point (id, amount, earned_date, expired_date, is_expired, point_wallet_id, is_used) values (null, ?, ?, ?, ?, ?, ?)
2024-04-27 19:13:01.640  INFO 7755 --- [    Test worker] o.s.b.c.l.support.SimpleJobLauncher      : Job: [SimpleJob: [name=expirePointJob]] launched with the following parameters: [{today=2021-01-04}]
2024-04-27 19:13:01.683  WARN 7755 --- [    Test worker] o.s.b.c.l.AbstractListenerFactoryBean    : org.springframework.batch.item.ItemWriter is an interface. The implementing class will not be queried for annotation based listener configurations. If using @StepScope on a @Bean method, be sure to return the implementing class so listener annotations can be used.
2024-04-27 19:13:01.684  WARN 7755 --- [    Test worker] o.s.b.c.l.AbstractListenerFactoryBean    : org.springframework.batch.item.ItemProcessor is an interface. The implementing class will not be queried for annotation based listener configurations. If using @StepScope on a @Bean method, be sure to return the implementing class so listener annotations can be used.
2024-04-27 19:13:01.709  INFO 7755 --- [    Test worker] o.s.batch.core.job.SimpleStepHandler     : Executing step: [expirePointStep]
Hibernate: select point0_.id as id1_1_, point0_.amount as amount2_1_, point0_.earned_date as earned_d3_1_, point0_.expired_date as expired_4_1_, point0_.is_expired as is_expir5_1_, point0_.point_wallet_id as point_wa7_1_, point0_.is_used as is_used6_1_ from point point0_ where point0_.expired_date<? and point0_.is_used=0 and point0_.is_expired=0 limit ?
Hibernate: select pointwalle0_.id as id1_3_0_, pointwalle0_.amount as amount2_3_0_, pointwalle0_.user_id as user_id3_3_0_ from point_wallet pointwalle0_ where pointwalle0_.id=?
Hibernate: select point0_.id as id1_1_0_, point0_.amount as amount2_1_0_, point0_.earned_date as earned_d3_1_0_, point0_.expired_date as expired_4_1_0_, point0_.is_expired as is_expir5_1_0_, point0_.point_wallet_id as point_wa7_1_0_, point0_.is_used as is_used6_1_0_ from point point0_ where point0_.id=?
Hibernate: select pointwalle0_.id as id1_3_0_, pointwalle0_.amount as amount2_3_0_, pointwalle0_.user_id as user_id3_3_0_ from point_wallet pointwalle0_ where pointwalle0_.id=?
Hibernate: select point0_.id as id1_1_0_, point0_.amount as amount2_1_0_, point0_.earned_date as earned_d3_1_0_, point0_.expired_date as expired_4_1_0_, point0_.is_expired as is_expir5_1_0_, point0_.point_wallet_id as point_wa7_1_0_, point0_.is_used as is_used6_1_0_ from point point0_ where point0_.id=?
Hibernate: select point0_.id as id1_1_0_, point0_.amount as amount2_1_0_, point0_.earned_date as earned_d3_1_0_, point0_.expired_date as expired_4_1_0_, point0_.is_expired as is_expir5_1_0_, point0_.point_wallet_id as point_wa7_1_0_, point0_.is_used as is_used6_1_0_ from point point0_ where point0_.id=?
Hibernate: update point set amount=?, earned_date=?, expired_date=?, is_expired=?, point_wallet_id=?, is_used=? where id=?
Hibernate: update point_wallet set amount=?, user_id=? where id=?
Hibernate: update point set amount=?, earned_date=?, expired_date=?, is_expired=?, point_wallet_id=?, is_used=? where id=?
Hibernate: update point set amount=?, earned_date=?, expired_date=?, is_expired=?, point_wallet_id=?, is_used=? where id=?
2024-04-27 19:13:01.918  INFO 7755 --- [    Test worker] o.s.batch.core.step.AbstractStep         : Step: [expirePointStep] executed in 208ms
2024-04-27 19:13:01.927  INFO 7755 --- [    Test worker] o.s.b.c.l.support.SimpleJobLauncher      : Job: [SimpleJob: [name=expirePointJob]] completed with the following parameters: [{today=2021-01-04}] and the following status: [COMPLETED] in 270ms
Hibernate: select point0_.id as id1_1_, point0_.amount as amount2_1_, point0_.earned_date as earned_d3_1_, point0_.expired_date as expired_4_1_, point0_.is_expired as is_expir5_1_, point0_.point_wallet_id as point_wa7_1_, point0_.is_used as is_used6_1_ from point point0_
Hibernate: select pointwalle0_.id as id1_3_0_, pointwalle0_.amount as amount2_3_0_, pointwalle0_.user_id as user_id3_3_0_ from point_wallet pointwalle0_ where pointwalle0_.id=?
Hibernate: select point0_.id as id1_1_, point0_.amount as amount2_1_, point0_.earned_date as earned_d3_1_, point0_.expired_date as expired_4_1_, point0_.is_expired as is_expir5_1_, point0_.point_wallet_id as point_wa7_1_, point0_.is_used as is_used6_1_ from point point0_
Hibernate: delete from point where id=?
Hibernate: delete from point where id=?
Hibernate: delete from point where id=?
Hibernate: select point0_.id as id1_1_, point0_.amount as amount2_1_, point0_.earned_date as earned_d3_1_, point0_.expired_date as expired_4_1_, point0_.is_expired as is_expir5_1_, point0_.point_wallet_id as point_wa7_1_, point0_.is_used as is_used6_1_ from point point0_
Hibernate: select pointwalle0_.id as id1_3_, pointwalle0_.amount as amount2_3_, pointwalle0_.user_id as user_id3_3_ from point_wallet pointwalle0_
Hibernate: delete from point_wallet where id=?
Hibernate: select message0_.id as id1_0_, message0_.content as content2_0_, message0_.title as title3_0_, message0_.user_id as user_id4_0_ from message message0_
]]></system-out>
  <system-err><![CDATA[]]></system-err>
</testsuite>
